<?xml version="1.0" encoding="UTF-8"?>
<testng-results skipped="0" failed="0" ignored="0" total="1" passed="1">
  <reporter-output>
  </reporter-output>
  <suite name="Suite" duration-ms="22828" started-at="2019-08-27T08:34:33Z" finished-at="2019-08-27T08:34:55Z">
    <groups>
    </groups>
    <test name="Test" duration-ms="22828" started-at="2019-08-27T08:34:33Z" finished-at="2019-08-27T08:34:55Z">
      <class name="Demo1.DemoProg">
        <test-method status="PASS" signature="A()[pri:0, instance:Demo1.DemoProg@13fee20c]" name="A" duration-ms="22764" started-at="2019-08-27T08:34:33Z" finished-at="2019-08-27T08:34:55Z">
          <reporter-output>
          </reporter-output>
        </test-method> <!-- A -->
      </class> <!-- Demo1.DemoProg -->
    </test> <!-- Test -->
  </suite> <!-- Suite -->
</testng-results>
